<?xml version="1.0" encoding="UTF-8"?>
<!-- Generated by org.testng.reporters.JUnitXMLReporter -->
<testsuite hostname="WBLT26W8H72" ignored="0" name="all-tests" tests="5" failures="1" timestamp="07 Feb 2018 21:43:29 GMT" time="23.594" errors="0">
  <testcase name="charitableapplication" time="14.442" classname="Fieldmarketing.Charitablegiving">
    <failure type="org.openqa.selenium.NoSuchElementException" message="Unable to locate element: #Zip
For documentation on this error, please visit: http://seleniumhq.org/exceptions/no_such_element.html
Build info: version: &amp;apos;3.8.1&amp;apos;, revision: &amp;apos;6e95a6684b&amp;apos;, time: &amp;apos;2017-12-01T18:33:54.468Z&amp;apos;
System info: host: &amp;apos;WBLT26W8H72&amp;apos;, ip: &amp;apos;10.210.56.185&amp;apos;, os.name: &amp;apos;Windows 7&amp;apos;, os.arch: &amp;apos;amd64&amp;apos;, os.version: &amp;apos;6.1&amp;apos;, java.version: &amp;apos;1.8.0_141&amp;apos;
Driver info: org.openqa.selenium.firefox.FirefoxDriver
Capabilities {acceptInsecureCerts: true, browserName: firefox, browserVersion: 57.0, javascriptEnabled: true, moz:accessibilityChecks: false, moz:headless: false, moz:processID: 15444, moz:profile: C:\Users\kselvaraj\AppData\..., moz:webdriverClick: false, pageLoadStrategy: normal, platform: XP, platformName: XP, platformVersion: 6.1, rotatable: false, timeouts: {implicit: 0, pageLoad: 300000, script: 30000}}
Session ID: cb7ab11e-6cf2-4f7c-8d6b-2e5fab7f4bbe
*** Element info: {Using=id, value=Zip}">
      <![CDATA[org.openqa.selenium.NoSuchElementException: Unable to locate element: #Zip
For documentation on this error, please visit: http://seleniumhq.org/exceptions/no_such_element.html
Build info: version: '3.8.1', revision: '6e95a6684b', time: '2017-12-01T18:33:54.468Z'
System info: host: 'WBLT26W8H72', ip: '10.210.56.185', os.name: 'Windows 7', os.arch: 'amd64', os.version: '6.1', java.version: '1.8.0_141'
Driver info: org.openqa.selenium.firefox.FirefoxDriver
Capabilities {acceptInsecureCerts: true, browserName: firefox, browserVersion: 57.0, javascriptEnabled: true, moz:accessibilityChecks: false, moz:headless: false, moz:processID: 15444, moz:profile: C:\Users\kselvaraj\AppData\..., moz:webdriverClick: false, pageLoadStrategy: normal, platform: XP, platformName: XP, platformVersion: 6.1, rotatable: false, timeouts: {implicit: 0, pageLoad: 300000, script: 30000}}
Session ID: cb7ab11e-6cf2-4f7c-8d6b-2e5fab7f4bbe
*** Element info: {Using=id, value=Zip}
	at org.openqa.selenium.remote.http.W3CHttpResponseCodec.createException(W3CHttpResponseCodec.java:187)
	at org.openqa.selenium.remote.http.W3CHttpResponseCodec.decode(W3CHttpResponseCodec.java:122)
	at org.openqa.selenium.remote.http.W3CHttpResponseCodec.decode(W3CHttpResponseCodec.java:49)
	at org.openqa.selenium.remote.HttpCommandExecutor.execute(HttpCommandExecutor.java:164)
	at org.openqa.selenium.remote.service.DriverCommandExecutor.execute(DriverCommandExecutor.java:83)
	at org.openqa.selenium.remote.RemoteWebDriver.execute(RemoteWebDriver.java:601)
	at org.openqa.selenium.remote.RemoteWebDriver.findElement(RemoteWebDriver.java:371)
	at org.openqa.selenium.remote.RemoteWebDriver.findElementById(RemoteWebDriver.java:417)
	at org.openqa.selenium.By$ById.findElement(By.java:218)
	at org.openqa.selenium.remote.RemoteWebDriver.findElement(RemoteWebDriver.java:363)
	at pageobjects.Applysupport.Zip(Applysupport.java:24)
	at page.Applyforsupport.Apply(Applyforsupport.java:22)
	at Fieldmarketing.Charitablegiving.charitableapplication(Charitablegiving.java:43)
... Removed 29 stack frames]]>
    </failure>
  </testcase> <!-- charitableapplication -->
  <testcase name="Alpha" time="0.002" classname="testing.TesttrackoneTest"/>
  <testcase name="Beta" time="0.001" classname="testing.TesttrackoneTest"/>
  <testcase name="Checking" time="0.001" classname="testing.TesttracktwoTest"/>
  <testcase name="Savings" time="0.001" classname="testing.TesttracktwoTest"/>
</testsuite> <!-- all-tests -->
